<?xml version="1.0" encoding="UTF-8"?>
<!-- Generated by org.testng.reporters.JUnitReportReporter -->
<testsuite hostname="Saurabh-Gupta" failures="0" tests="4" name="runner.RunGlue" time="0.136" errors="0" timestamp="2022-11-08T09:58:27 IST" skipped="0">
  <testcase classname="runner.RunGlue" name="runScenario" time="0.010"/>
  <system-out/>
  <testcase classname="runner.RunGlue" name="runScenario" time="0.109"/>
  <system-out/>
  <testcase classname="runner.RunGlue" name="runScenario" time="0.009"/>
  <system-out/>
  <testcase classname="runner.RunGlue" name="runScenario" time="0.008"/>
  <system-out/>
</testsuite> <!-- runner.RunGlue -->
